Using pre-set license
Built from '2021.3/staging' branch; Version is '2021.3.1f1 (3b70a0754835) revision 3895456'; Using compiler version '192829333'; Build Type 'Release'
OS: 'Windows 10  (10.0.19044) 64bit Professional' Language: 'tr' Physical Memory: 15736 MB
BatchMode: 1, IsHumanControllingUs: 0, StartBugReporterOnCrash: 0, Is64bit: 1, IsPro: 1

COMMAND LINE ARGUMENTS:
C:\Program Files\Unity\Hub\Editor\2021.3.1f1\Editor\Unity.exe
-adb2
-batchMode
-noUpm
-name
AssetImportWorker0
-projectPath
C:/Users/90507/Desktop/Self_Study/Unity/Z/Visionlib_ObjectTracking
-logFile
Logs/AssetImportWorker0.log
-srvPort
49835
Successfully changed project path to: C:/Users/90507/Desktop/Self_Study/Unity/Z/Visionlib_ObjectTracking
C:/Users/90507/Desktop/Self_Study/Unity/Z/Visionlib_ObjectTracking
[UnityMemory] Configuration Parameters - Can be set up in boot.config
    "memorysetup-bucket-allocator-granularity=16"
    "memorysetup-bucket-allocator-bucket-count=8"
    "memorysetup-bucket-allocator-block-size=33554432"
    "memorysetup-bucket-allocator-block-count=8"
    "memorysetup-main-allocator-block-size=16777216"
    "memorysetup-thread-allocator-block-size=16777216"
    "memorysetup-gfx-main-allocator-block-size=16777216"
    "memorysetup-gfx-thread-allocator-block-size=16777216"
    "memorysetup-cache-allocator-block-size=4194304"
    "memorysetup-typetree-allocator-block-size=2097152"
    "memorysetup-profiler-bucket-allocator-granularity=16"
    "memorysetup-profiler-bucket-allocator-bucket-count=8"
    "memorysetup-profiler-bucket-allocator-block-size=33554432"
    "memorysetup-profiler-bucket-allocator-block-count=8"
    "memorysetup-profiler-allocator-block-size=16777216"
    "memorysetup-profiler-editor-allocator-block-size=1048576"
    "memorysetup-temp-allocator-size-main=16777216"
    "memorysetup-job-temp-allocator-block-size=2097152"
    "memorysetup-job-temp-allocator-block-size-background=1048576"
    "memorysetup-job-temp-allocator-reduction-small-platforms=262144"
    "memorysetup-temp-allocator-size-background-worker=32768"
    "memorysetup-temp-allocator-size-job-worker=262144"
    "memorysetup-temp-allocator-size-preload-manager=33554432"
    "memorysetup-temp-allocator-size-nav-mesh-worker=65536"
    "memorysetup-temp-allocator-size-audio-worker=65536"
    "memorysetup-temp-allocator-size-cloud-worker=32768"
    "memorysetup-temp-allocator-size-gi-baking-worker=262144"
    "memorysetup-temp-allocator-size-gfx=262144"
Refreshing native plugins compatible for Editor in 259.77 ms, found 6 plugins.
Preloading 0 native plugins for Editor in 0.00 ms.
Initialize engine version: 2021.3.1f1 (3b70a0754835)
[Subsystems] Discovering subsystems at path C:/Program Files/Unity/Hub/Editor/2021.3.1f1/Editor/Data/Resources/UnitySubsystems
[Subsystems] Discovering subsystems at path C:/Users/90507/Desktop/Self_Study/Unity/Z/Visionlib_ObjectTracking/Assets
GfxDevice: creating device client; threaded=0; jobified=0
Direct3D:
    Version:  Direct3D 11.0 [level 11.1]
    Renderer: AMD Radeon(TM) Graphics (ID=0x1636)
    Vendor:   ATI
    VRAM:     7868 MB
    Driver:   30.0.13040.5001
Initialize mono
Mono path[0] = 'C:/Program Files/Unity/Hub/Editor/2021.3.1f1/Editor/Data/Managed'
Mono path[1] = 'C:/Program Files/Unity/Hub/Editor/2021.3.1f1/Editor/Data/MonoBleedingEdge/lib/mono/unityjit-win32'
Mono config path = 'C:/Program Files/Unity/Hub/Editor/2021.3.1f1/Editor/Data/MonoBleedingEdge/etc'
Using monoOptions --debugger-agent=transport=dt_socket,embedding=1,server=y,suspend=n,address=127.0.0.1:56768
Begin MonoManager ReloadAssembly
Registering precompiled unity dll's ...
Register platform support module: C:/Program Files/Unity/Hub/Editor/2021.3.1f1/Editor/Data/PlaybackEngines/AndroidPlayer/UnityEditor.Android.Extensions.dll
Register platform support module: C:/Program Files/Unity/Hub/Editor/2021.3.1f1/Editor/Data/PlaybackEngines/WindowsStandaloneSupport/UnityEditor.WindowsStandalone.Extensions.dll
Register platform support module: C:/Program Files/Unity/Hub/Editor/2021.3.1f1/Editor/Data/PlaybackEngines/MetroSupport/UnityEditor.UWP.Extensions.dll
Registered in 0.020293 seconds.
Native extension for UWP target not found
Native extension for WindowsStandalone target not found
Native extension for Android target not found
Refreshing native plugins compatible for Editor in 240.71 ms, found 6 plugins.
Preloading 0 native plugins for Editor in 0.00 ms.
Mono: successfully reloaded assembly
- Completed reload, in  1.696 seconds
Domain Reload Profiling:
	ReloadAssembly (1698ms)
		BeginReloadAssembly (194ms)
			ExecutionOrderSort (0ms)
			DisableScriptedObjects (0ms)
			BackupInstance (0ms)
			ReleaseScriptingObjects (0ms)
			CreateAndSetChildDomain (2ms)
		EndReloadAssembly (1257ms)
			LoadAssemblies (190ms)
			RebuildTransferFunctionScriptingTraits (0ms)
			SetupTypeCache (255ms)
			ReleaseScriptCaches (0ms)
			RebuildScriptCaches (71ms)
			SetupLoadedEditorAssemblies (817ms)
				LogAssemblyErrors (0ms)
				InitializePlatformSupportModulesInManaged (151ms)
				SetLoadedEditorAssemblies (0ms)
				RefreshPlugins (241ms)
				BeforeProcessingInitializeOnLoad (4ms)
				ProcessInitializeOnLoadAttributes (285ms)
				ProcessInitializeOnLoadMethodAttributes (136ms)
				AfterProcessingInitializeOnLoad (0ms)
				EditorAssembliesLoaded (0ms)
			ExecutionOrderSort2 (0ms)
			AwakeInstancesAfterBackupRestoration (0ms)
Platform modules already initialized, skipping
Registering precompiled user dll's ...
Registered in 0.012616 seconds.
Begin MonoManager ReloadAssembly
Symbol file LoadedFromMemory doesn't match image C:\Users\90507\Desktop\Self_Study\Unity\Z\Visionlib_ObjectTracking\Library\PackageCache\com.unity.visualscripting@1.7.6\Editor\VisualScripting.Core\Dependencies\YamlDotNet\Unity.VisualScripting.YamlDotNet.dll
Symbol file LoadedFromMemory is not a mono symbol file
Symbol file LoadedFromMemory doesn't match image C:\Users\90507\Desktop\Self_Study\Unity\Z\Visionlib_ObjectTracking\Library\PackageCache\com.unity.visualscripting@1.7.6\Editor\VisualScripting.Core\Dependencies\DotNetZip\Unity.VisualScripting.IonicZip.dll
Native extension for UWP target not found
Native extension for WindowsStandalone target not found
Native extension for Android target not found
Refreshing native plugins compatible for Editor in 1.21 ms, found 6 plugins.
Preloading 0 native plugins for Editor in 0.00 ms.
Mono: successfully reloaded assembly
- Completed reload, in  2.873 seconds
Domain Reload Profiling:
	ReloadAssembly (2875ms)
		BeginReloadAssembly (399ms)
			ExecutionOrderSort (0ms)
			DisableScriptedObjects (18ms)
			BackupInstance (0ms)
			ReleaseScriptingObjects (0ms)
			CreateAndSetChildDomain (153ms)
		EndReloadAssembly (2187ms)
			LoadAssemblies (203ms)
			RebuildTransferFunctionScriptingTraits (0ms)
			SetupTypeCache (629ms)
			ReleaseScriptCaches (1ms)
			RebuildScriptCaches (126ms)
			SetupLoadedEditorAssemblies (1118ms)
				LogAssemblyErrors (0ms)
				InitializePlatformSupportModulesInManaged (38ms)
				SetLoadedEditorAssemblies (1ms)
				RefreshPlugins (1ms)
				BeforeProcessingInitializeOnLoad (342ms)
				ProcessInitializeOnLoadAttributes (672ms)
				ProcessInitializeOnLoadMethodAttributes (48ms)
				AfterProcessingInitializeOnLoad (16ms)
				EditorAssembliesLoaded (0ms)
			ExecutionOrderSort2 (0ms)
			AwakeInstancesAfterBackupRestoration (12ms)
Platform modules already initialized, skipping
========================================================================
Worker process is ready to serve import requests
Launched and connected shader compiler UnityShaderCompiler.exe after 0.13 seconds
Refreshing native plugins compatible for Editor in 1.30 ms, found 6 plugins.
Preloading 0 native plugins for Editor in 0.00 ms.
Unloading 3373 Unused Serialized files (Serialized files now loaded: 0)
Unloading 37 unused Assets / (112.2 KB). Loaded Objects now: 3821.
Memory consumption went from 116.7 MB to 116.6 MB.
Total: 10.302000 ms (FindLiveObjects: 0.520300 ms CreateObjectMapping: 0.550900 ms MarkObjects: 8.634200 ms  DeleteObjects: 0.594000 ms)

AssetImportParameters requested are different than current active one (requested -> active):
  custom:video-decoder-ogg-theora: a1e56fd34408186e4bbccfd4996cb3dc -> 
  custom:container-muxer-webm: aa71ff27fc2769a1b78a27578f13a17b -> 
  custom:container-demuxer-webm: 4f35f7cbe854078d1ac9338744f61a02 -> 
  custom:video-encoder-webm-vp8: eb34c28f22e8b96e1ab97ce403110664 -> 
  custom:audio-encoder-webm-vorbis: bf7c407c2cedff20999df2af8eb42d56 -> 
  custom:framework-win-MediaFoundation: 216162199b28c13a410421893ffa2e32 -> 
  custom:container-demuxer-ogg: 62fdf1f143b41e24485cea50d1cbac27 -> 
  custom:video-decoder-webm-vp8: 9c59270c3fd7afecdb556c50c9e8de78 -> 
  custom:audio-decoder-ogg-vorbis: bf7c407c2cedff20999df2af8eb42d56 -> 
========================================================================
Received Import Request.
  Time since last request: 877670.171026 seconds.
  path: Assets/VisionLib Examples/ModelTracking/Advanced
  artifactKey: Guid(219fd6e56f162414da6dbf71c0c0759e) Importer(815301076,1909f56bfc062723c751e8b465ee728b)
Start importing Assets/VisionLib Examples/ModelTracking/Advanced using Guid(219fd6e56f162414da6dbf71c0c0759e) Importer(815301076,1909f56bfc062723c751e8b465ee728b)  -> (artifact id: 'fef35ad91204b4042821e9c53ebe456c') in 0.026886 seconds 
========================================================================
Received Import Request.
  Time since last request: 0.000046 seconds.
  path: Assets/VisionLib Examples/ModelTracking
  artifactKey: Guid(229948400aa18a242bece80a5af960c0) Importer(815301076,1909f56bfc062723c751e8b465ee728b)
Start importing Assets/VisionLib Examples/ModelTracking using Guid(229948400aa18a242bece80a5af960c0) Importer(815301076,1909f56bfc062723c751e8b465ee728b)  -> (artifact id: '5dafd5b46b056a0878808425e29e1a0b') in 0.024896 seconds 
========================================================================
Received Import Request.
  Time since last request: 0.000059 seconds.
  path: Assets/VisionLib Examples
  artifactKey: Guid(c2cf3b030d8ba8845a26814c06e2406c) Importer(815301076,1909f56bfc062723c751e8b465ee728b)
Start importing Assets/VisionLib Examples using Guid(c2cf3b030d8ba8845a26814c06e2406c) Importer(815301076,1909f56bfc062723c751e8b465ee728b)  -> (artifact id: '624c713ff15b21af5d7939eba46fdfc3') in 0.017319 seconds 
========================================================================
Received Import Request.
  Time since last request: 0.000065 seconds.
  path: Assets/VisionLib Examples/ModelTracking/Advanced/AdvancedModelTracking.unity
  artifactKey: Guid(8ff6820b0b58a49b9a9436d9f3cb1e0a) Importer(815301076,1909f56bfc062723c751e8b465ee728b)
Start importing Assets/VisionLib Examples/ModelTracking/Advanced/AdvancedModelTracking.unity using Guid(8ff6820b0b58a49b9a9436d9f3cb1e0a) Importer(815301076,1909f56bfc062723c751e8b465ee728b)  -> (artifact id: 'a3232c140e35c50ab73cdbe4d71300ed') in 0.013008 seconds 
========================================================================
Received Import Request.
  Time since last request: 28.688824 seconds.
  path: Assets/StreamingAssets/VisionLib/Examples
  artifactKey: Guid(7782f64a11c9b5147baadbc646be7d57) Importer(815301076,1909f56bfc062723c751e8b465ee728b)
Start importing Assets/StreamingAssets/VisionLib/Examples using Guid(7782f64a11c9b5147baadbc646be7d57) Importer(815301076,1909f56bfc062723c751e8b465ee728b)  -> (artifact id: '9ae05fb072c283d1b9e5d1e9cc2f5055') in 0.029492 seconds 
========================================================================
Received Import Request.
  Time since last request: 35.243693 seconds.
  path: Assets/StreamingAssets/VisionLib
  artifactKey: Guid(e524d0b2f0cd9b24f8e545eae9d84280) Importer(815301076,1909f56bfc062723c751e8b465ee728b)
Start importing Assets/StreamingAssets/VisionLib using Guid(e524d0b2f0cd9b24f8e545eae9d84280) Importer(815301076,1909f56bfc062723c751e8b465ee728b)  -> (artifact id: 'aaab0c25952818cc48df0721eb921afe') in 0.027443 seconds 
========================================================================
Received Prepare
Registering precompiled user dll's ...
Registered in 0.010689 seconds.
Begin MonoManager ReloadAssembly
Symbol file LoadedFromMemory doesn't match image C:\Users\90507\Desktop\Self_Study\Unity\Z\Visionlib_ObjectTracking\Library\PackageCache\com.unity.visualscripting@1.7.6\Editor\VisualScripting.Core\Dependencies\YamlDotNet\Unity.VisualScripting.YamlDotNet.dll
Symbol file LoadedFromMemory is not a mono symbol file
Symbol file LoadedFromMemory doesn't match image C:\Users\90507\Desktop\Self_Study\Unity\Z\Visionlib_ObjectTracking\Library\PackageCache\com.unity.visualscripting@1.7.6\Editor\VisualScripting.Core\Dependencies\DotNetZip\Unity.VisualScripting.IonicZip.dll
Native extension for UWP target not found
Native extension for WindowsStandalone target not found
Native extension for Android target not found
Refreshing native plugins compatible for Editor in 1.24 ms, found 6 plugins.
Preloading 0 native plugins for Editor in 0.00 ms.
Mono: successfully reloaded assembly
- Completed reload, in  2.413 seconds
Domain Reload Profiling:
	ReloadAssembly (2415ms)
		BeginReloadAssembly (307ms)
			ExecutionOrderSort (0ms)
			DisableScriptedObjects (13ms)
			BackupInstance (0ms)
			ReleaseScriptingObjects (0ms)
			CreateAndSetChildDomain (73ms)
		EndReloadAssembly (1871ms)
			LoadAssemblies (202ms)
			RebuildTransferFunctionScriptingTraits (0ms)
			SetupTypeCache (603ms)
			ReleaseScriptCaches (2ms)
			RebuildScriptCaches (169ms)
			SetupLoadedEditorAssemblies (806ms)
				LogAssemblyErrors (0ms)
				InitializePlatformSupportModulesInManaged (69ms)
				SetLoadedEditorAssemblies (1ms)
				RefreshPlugins (1ms)
				BeforeProcessingInitializeOnLoad (159ms)
				ProcessInitializeOnLoadAttributes (424ms)
				ProcessInitializeOnLoadMethodAttributes (98ms)
				AfterProcessingInitializeOnLoad (51ms)
				EditorAssembliesLoaded (2ms)
			ExecutionOrderSort2 (0ms)
			AwakeInstancesAfterBackupRestoration (14ms)
Platform modules already initialized, skipping
Refreshing native plugins compatible for Editor in 10.52 ms, found 6 plugins.
Preloading 0 native plugins for Editor in 0.00 ms.
Unloading 3367 Unused Serialized files (Serialized files now loaded: 0)
Unloading 30 unused Assets / (78.8 KB). Loaded Objects now: 3824.
Memory consumption went from 116.6 MB to 116.5 MB.
Total: 22.084500 ms (FindLiveObjects: 16.245400 ms CreateObjectMapping: 0.449300 ms MarkObjects: 5.167400 ms  DeleteObjects: 0.217900 ms)

AssetImportParameters requested are different than current active one (requested -> active):
  custom:video-decoder-ogg-theora: a1e56fd34408186e4bbccfd4996cb3dc -> 
  custom:container-muxer-webm: aa71ff27fc2769a1b78a27578f13a17b -> 
  custom:container-demuxer-webm: 4f35f7cbe854078d1ac9338744f61a02 -> 
  custom:video-encoder-webm-vp8: eb34c28f22e8b96e1ab97ce403110664 -> 
  custom:audio-encoder-webm-vorbis: bf7c407c2cedff20999df2af8eb42d56 -> 
  custom:framework-win-MediaFoundation: 216162199b28c13a410421893ffa2e32 -> 
  custom:container-demuxer-ogg: 62fdf1f143b41e24485cea50d1cbac27 -> 
  custom:video-decoder-webm-vp8: 9c59270c3fd7afecdb556c50c9e8de78 -> 
  custom:audio-decoder-ogg-vorbis: bf7c407c2cedff20999df2af8eb42d56 -> 
========================================================================
Received Prepare
Registering precompiled user dll's ...
Registered in 0.013344 seconds.
Begin MonoManager ReloadAssembly
Symbol file LoadedFromMemory doesn't match image C:\Users\90507\Desktop\Self_Study\Unity\Z\Visionlib_ObjectTracking\Library\PackageCache\com.unity.visualscripting@1.7.6\Editor\VisualScripting.Core\Dependencies\YamlDotNet\Unity.VisualScripting.YamlDotNet.dll
Symbol file LoadedFromMemory is not a mono symbol file
Symbol file LoadedFromMemory doesn't match image C:\Users\90507\Desktop\Self_Study\Unity\Z\Visionlib_ObjectTracking\Library\PackageCache\com.unity.visualscripting@1.7.6\Editor\VisualScripting.Core\Dependencies\DotNetZip\Unity.VisualScripting.IonicZip.dll
Native extension for UWP target not found
Native extension for WindowsStandalone target not found
Native extension for Android target not found
Refreshing native plugins compatible for Editor in 1.35 ms, found 6 plugins.
Preloading 0 native plugins for Editor in 0.00 ms.
Mono: successfully reloaded assembly
- Completed reload, in  2.146 seconds
Domain Reload Profiling:
	ReloadAssembly (2147ms)
		BeginReloadAssembly (280ms)
			ExecutionOrderSort (0ms)
			DisableScriptedObjects (11ms)
			BackupInstance (0ms)
			ReleaseScriptingObjects (0ms)
			CreateAndSetChildDomain (63ms)
		EndReloadAssembly (1624ms)
			LoadAssemblies (186ms)
			RebuildTransferFunctionScriptingTraits (0ms)
			SetupTypeCache (572ms)
			ReleaseScriptCaches (2ms)
			RebuildScriptCaches (84ms)
			SetupLoadedEditorAssemblies (697ms)
				LogAssemblyErrors (0ms)
				InitializePlatformSupportModulesInManaged (53ms)
				SetLoadedEditorAssemblies (1ms)
				RefreshPlugins (2ms)
				BeforeProcessingInitializeOnLoad (150ms)
				ProcessInitializeOnLoadAttributes (416ms)
				ProcessInitializeOnLoadMethodAttributes (51ms)
				AfterProcessingInitializeOnLoad (24ms)
				EditorAssembliesLoaded (0ms)
			ExecutionOrderSort2 (0ms)
			AwakeInstancesAfterBackupRestoration (20ms)
Platform modules already initialized, skipping
Refreshing native plugins compatible for Editor in 7.28 ms, found 6 plugins.
Preloading 0 native plugins for Editor in 0.00 ms.
Unloading 3367 Unused Serialized files (Serialized files now loaded: 0)
Unloading 30 unused Assets / (80.0 KB). Loaded Objects now: 3827.
Memory consumption went from 116.6 MB to 116.6 MB.
Total: 6.012700 ms (FindLiveObjects: 0.426600 ms CreateObjectMapping: 0.211700 ms MarkObjects: 5.217400 ms  DeleteObjects: 0.154400 ms)

AssetImportParameters requested are different than current active one (requested -> active):
  custom:video-decoder-ogg-theora: a1e56fd34408186e4bbccfd4996cb3dc -> 
  custom:container-muxer-webm: aa71ff27fc2769a1b78a27578f13a17b -> 
  custom:container-demuxer-webm: 4f35f7cbe854078d1ac9338744f61a02 -> 
  custom:video-encoder-webm-vp8: eb34c28f22e8b96e1ab97ce403110664 -> 
  custom:audio-encoder-webm-vorbis: bf7c407c2cedff20999df2af8eb42d56 -> 
  custom:framework-win-MediaFoundation: 216162199b28c13a410421893ffa2e32 -> 
  custom:container-demuxer-ogg: 62fdf1f143b41e24485cea50d1cbac27 -> 
  custom:video-decoder-webm-vp8: 9c59270c3fd7afecdb556c50c9e8de78 -> 
  custom:audio-decoder-ogg-vorbis: bf7c407c2cedff20999df2af8eb42d56 -> 
========================================================================
Received Import Request.
  Time since last request: 224.227729 seconds.
  path: Assets/StreamingAssets/VisionLib/LicenseTool.exe
  artifactKey: Guid(0d7f1550dc95fcd46a964268f36b4282) Importer(815301076,1909f56bfc062723c751e8b465ee728b)
Start importing Assets/StreamingAssets/VisionLib/LicenseTool.exe using Guid(0d7f1550dc95fcd46a964268f36b4282) Importer(815301076,1909f56bfc062723c751e8b465ee728b)  -> (artifact id: '4d7a486a0cecaa327fdb07c44a67e7be') in 0.087997 seconds 
========================================================================
Received Import Request.
  Time since last request: 15.456691 seconds.
  path: Assets/StreamingAssets/VisionLib/LicenseTool
  artifactKey: Guid(dd916f15d0e017443ab5eade4a376161) Importer(815301076,1909f56bfc062723c751e8b465ee728b)
Start importing Assets/StreamingAssets/VisionLib/LicenseTool using Guid(dd916f15d0e017443ab5eade4a376161) Importer(815301076,1909f56bfc062723c751e8b465ee728b)  -> (artifact id: '96c4a2fe5a30bc85fba6fcc7381e7c78') in 0.008384 seconds 
========================================================================
Received Prepare
Registering precompiled user dll's ...
Registered in 0.014267 seconds.
Begin MonoManager ReloadAssembly
Symbol file LoadedFromMemory doesn't match image C:\Users\90507\Desktop\Self_Study\Unity\Z\Visionlib_ObjectTracking\Library\PackageCache\com.unity.visualscripting@1.7.6\Editor\VisualScripting.Core\Dependencies\YamlDotNet\Unity.VisualScripting.YamlDotNet.dll
Symbol file LoadedFromMemory is not a mono symbol file
Symbol file LoadedFromMemory doesn't match image C:\Users\90507\Desktop\Self_Study\Unity\Z\Visionlib_ObjectTracking\Library\PackageCache\com.unity.visualscripting@1.7.6\Editor\VisualScripting.Core\Dependencies\DotNetZip\Unity.VisualScripting.IonicZip.dll
Native extension for UWP target not found
Native extension for WindowsStandalone target not found
Native extension for Android target not found
Refreshing native plugins compatible for Editor in 1.30 ms, found 6 plugins.
Preloading 0 native plugins for Editor in 0.00 ms.
Mono: successfully reloaded assembly
- Completed reload, in  2.101 seconds
Domain Reload Profiling:
	ReloadAssembly (2103ms)
		BeginReloadAssembly (271ms)
			ExecutionOrderSort (0ms)
			DisableScriptedObjects (11ms)
			BackupInstance (0ms)
			ReleaseScriptingObjects (0ms)
			CreateAndSetChildDomain (61ms)
		EndReloadAssembly (1597ms)
			LoadAssemblies (200ms)
			RebuildTransferFunctionScriptingTraits (0ms)
			SetupTypeCache (567ms)
			ReleaseScriptCaches (2ms)
			RebuildScriptCaches (91ms)
			SetupLoadedEditorAssemblies (664ms)
				LogAssemblyErrors (0ms)
				InitializePlatformSupportModulesInManaged (51ms)
				SetLoadedEditorAssemblies (1ms)
				RefreshPlugins (1ms)
				BeforeProcessingInitializeOnLoad (145ms)
				ProcessInitializeOnLoadAttributes (399ms)
				ProcessInitializeOnLoadMethodAttributes (49ms)
				AfterProcessingInitializeOnLoad (17ms)
				EditorAssembliesLoaded (0ms)
			ExecutionOrderSort2 (0ms)
			AwakeInstancesAfterBackupRestoration (12ms)
Platform modules already initialized, skipping
Refreshing native plugins compatible for Editor in 7.17 ms, found 6 plugins.
Preloading 0 native plugins for Editor in 0.00 ms.
Unloading 3367 Unused Serialized files (Serialized files now loaded: 0)
Unloading 30 unused Assets / (78.9 KB). Loaded Objects now: 3830.
Memory consumption went from 116.6 MB to 116.6 MB.
Total: 7.341500 ms (FindLiveObjects: 0.471100 ms CreateObjectMapping: 0.212600 ms MarkObjects: 6.474800 ms  DeleteObjects: 0.180600 ms)

AssetImportParameters requested are different than current active one (requested -> active):
  custom:video-decoder-ogg-theora: a1e56fd34408186e4bbccfd4996cb3dc -> 
  custom:container-muxer-webm: aa71ff27fc2769a1b78a27578f13a17b -> 
  custom:container-demuxer-webm: 4f35f7cbe854078d1ac9338744f61a02 -> 
  custom:video-encoder-webm-vp8: eb34c28f22e8b96e1ab97ce403110664 -> 
  custom:audio-encoder-webm-vorbis: bf7c407c2cedff20999df2af8eb42d56 -> 
  custom:framework-win-MediaFoundation: 216162199b28c13a410421893ffa2e32 -> 
  custom:container-demuxer-ogg: 62fdf1f143b41e24485cea50d1cbac27 -> 
  custom:video-decoder-webm-vp8: 9c59270c3fd7afecdb556c50c9e8de78 -> 
  custom:audio-decoder-ogg-vorbis: bf7c407c2cedff20999df2af8eb42d56 -> 
========================================================================
Received Import Request.
  Time since last request: 133.881131 seconds.
  path: Assets/VisionLib Examples/PosterTracking/Sprites/LeavesPoster.png
  artifactKey: Guid(fc1dc46ff716c604e88dcfe982d5c057) Importer(815301076,1909f56bfc062723c751e8b465ee728b)
Start importing Assets/VisionLib Examples/PosterTracking/Sprites/LeavesPoster.png using Guid(fc1dc46ff716c604e88dcfe982d5c057) Importer(815301076,1909f56bfc062723c751e8b465ee728b)  -> (artifact id: '9cb78f2be2132391566f5090be1ae479') in 0.127013 seconds 
========================================================================
Received Import Request.
  Time since last request: 3.056422 seconds.
  path: Assets/VisionLib Examples/ModelTracking/ParameterInput/Prefabs/ParameterInputField.prefab
  artifactKey: Guid(96b5643f6ed6d1e4e9377bdccc41985c) Importer(815301076,1909f56bfc062723c751e8b465ee728b)
Start importing Assets/VisionLib Examples/ModelTracking/ParameterInput/Prefabs/ParameterInputField.prefab using Guid(96b5643f6ed6d1e4e9377bdccc41985c) Importer(815301076,1909f56bfc062723c751e8b465ee728b)  -> (artifact id: '283f2644edf488d86b98fb6dc4d7466b') in 0.070709 seconds 
========================================================================
Received Import Request.
  Time since last request: 0.000897 seconds.
  path: Assets/VisionLib Examples/Common/Models/VLMiniCar_textured.obj
  artifactKey: Guid(97a74310b6a1fd84ba35a718f00f2261) Importer(815301076,1909f56bfc062723c751e8b465ee728b)
Start importing Assets/VisionLib Examples/Common/Models/VLMiniCar_textured.obj using Guid(97a74310b6a1fd84ba35a718f00f2261) Importer(815301076,1909f56bfc062723c751e8b465ee728b)  -> (artifact id: 'cb901c0516852ac1ae07f52129c1642f') in 0.661080 seconds 
========================================================================
Received Import Request.
  Time since last request: 0.000041 seconds.
  path: Assets/VisionLib Examples/Common/Models/VLSportsCar.obj
  artifactKey: Guid(d64a45681244d5b4a884961c413a14d1) Importer(815301076,1909f56bfc062723c751e8b465ee728b)
Start importing Assets/VisionLib Examples/Common/Models/VLSportsCar.obj using Guid(d64a45681244d5b4a884961c413a14d1) Importer(815301076,1909f56bfc062723c751e8b465ee728b)  -> (artifact id: '0ae0baafc848f255312240dcb7cc58f0') in 0.091417 seconds 
========================================================================
Received Import Request.
  Time since last request: 0.000051 seconds.
  path: Assets/VisionLib Examples/Common/Models/VLMiniCar.obj
  artifactKey: Guid(eb02d061cbf7b324eaf655dec7ef62be) Importer(815301076,1909f56bfc062723c751e8b465ee728b)
Start importing Assets/VisionLib Examples/Common/Models/VLMiniCar.obj using Guid(eb02d061cbf7b324eaf655dec7ef62be) Importer(815301076,1909f56bfc062723c751e8b465ee728b)  -> (artifact id: 'c2aa321e1bdedad79e47dab2e4553ff2') in 0.067884 seconds 
========================================================================
Received Import Request.
  Time since last request: 0.000041 seconds.
  path: Assets/VisionLib Examples/ModelTracking/ParameterInput/Prefabs/ParameterToggle.prefab
  artifactKey: Guid(239e7749f9765594fa02730da739b140) Importer(815301076,1909f56bfc062723c751e8b465ee728b)
Start importing Assets/VisionLib Examples/ModelTracking/ParameterInput/Prefabs/ParameterToggle.prefab using Guid(239e7749f9765594fa02730da739b140) Importer(815301076,1909f56bfc062723c751e8b465ee728b)  -> (artifact id: 'd86657a8ad0a41f4f127ad21a7f1d158') in 0.021600 seconds 
========================================================================
Received Import Request.
  Time since last request: 0.000037 seconds.
  path: Assets/VisionLib Examples/ModelTracking/ParameterInput/Prefabs/ParameterSlider.prefab
  artifactKey: Guid(ee09aadcbe99c8945b2cf2ae9a4d2a53) Importer(815301076,1909f56bfc062723c751e8b465ee728b)
Start importing Assets/VisionLib Examples/ModelTracking/ParameterInput/Prefabs/ParameterSlider.prefab using Guid(ee09aadcbe99c8945b2cf2ae9a4d2a53) Importer(815301076,1909f56bfc062723c751e8b465ee728b)  -> (artifact id: 'bbd84f89cc0573a718ed8815057bf969') in 0.038537 seconds 
========================================================================
Received Import Request.
  Time since last request: 0.000044 seconds.
  path: Assets/VisionLib Examples/CameraCalibration/Materials/CalibrationPatternTransparent.mat
  artifactKey: Guid(8fc4c0e9115b34c928108accd51803c4) Importer(815301076,1909f56bfc062723c751e8b465ee728b)
Start importing Assets/VisionLib Examples/CameraCalibration/Materials/CalibrationPatternTransparent.mat using Guid(8fc4c0e9115b34c928108accd51803c4) Importer(815301076,1909f56bfc062723c751e8b465ee728b)  -> (artifact id: '4233df9de31f76436ac6324bd2484044') in 0.534950 seconds 
========================================================================
Received Import Request.
  Time since last request: 0.000052 seconds.
  path: Assets/VisionLib Examples/Common/Models/VLCaravan.obj
  artifactKey: Guid(f99f2cb95c389454eba840b61ac50bde) Importer(815301076,1909f56bfc062723c751e8b465ee728b)
Start importing Assets/VisionLib Examples/Common/Models/VLCaravan.obj using Guid(f99f2cb95c389454eba840b61ac50bde) Importer(815301076,1909f56bfc062723c751e8b465ee728b)  -> (artifact id: 'b4b3f997400352b133f6fab7d64dccac') in 0.070174 seconds 
========================================================================
Received Import Request.
  Time since last request: 0.000046 seconds.
  path: Assets/VisionLib Examples/Common/Materials/VLMiniCar_textured.mat
  artifactKey: Guid(8bcf38c71ff253940ba0cc6425716d34) Importer(815301076,1909f56bfc062723c751e8b465ee728b)
Start importing Assets/VisionLib Examples/Common/Materials/VLMiniCar_textured.mat using Guid(8bcf38c71ff253940ba0cc6425716d34) Importer(815301076,1909f56bfc062723c751e8b465ee728b)  -> (artifact id: '7e33740699b22ae6ade1c4e7c1715a49') in 0.028795 seconds 
========================================================================
Received Import Request.
  Time since last request: 0.000034 seconds.
  path: Assets/VisionLib Examples/Common/Materials/VlMiniCar.jpg
  artifactKey: Guid(0255cb32f7184f5498fc31a4cd68a326) Importer(815301076,1909f56bfc062723c751e8b465ee728b)
Start importing Assets/VisionLib Examples/Common/Materials/VlMiniCar.jpg using Guid(0255cb32f7184f5498fc31a4cd68a326) Importer(815301076,1909f56bfc062723c751e8b465ee728b)  -> (artifact id: '96f814662ad54bf904e8a894cef12dc0') in 0.031627 seconds 
========================================================================
Received Import Request.
  Time since last request: 0.000041 seconds.
  path: Assets/VisionLib Examples/ModelTracking/ModelLoading/ModelPartsTracking/Models/Piece001.obj
  artifactKey: Guid(0269f33f0808f47f4a34ef8983e5c87b) Importer(815301076,1909f56bfc062723c751e8b465ee728b)
Start importing Assets/VisionLib Examples/ModelTracking/ModelLoading/ModelPartsTracking/Models/Piece001.obj using Guid(0269f33f0808f47f4a34ef8983e5c87b) Importer(815301076,1909f56bfc062723c751e8b465ee728b)  -> (artifact id: '0a3779db11c7798ebcdff7e443d64f1a') in 0.288912 seconds 
========================================================================
Received Import Request.
  Time since last request: 0.000042 seconds.
  path: Assets/VisionLib Examples/PosterTracking/Materials/LeavesPoster.mat
  artifactKey: Guid(aed3d415290e87841b41a6e7efd0ac57) Importer(815301076,1909f56bfc062723c751e8b465ee728b)
Start importing Assets/VisionLib Examples/PosterTracking/Materials/LeavesPoster.mat using Guid(aed3d415290e87841b41a6e7efd0ac57) Importer(815301076,1909f56bfc062723c751e8b465ee728b)  -> (artifact id: 'a9804ba79b38e469c900c6309688a847') in 0.029606 seconds 
========================================================================
Received Import Request.
  Time since last request: 0.000053 seconds.
  path: Assets/VisionLib Examples/ModelTracking/ModelLoading/ModelPartsTracking/Materials/TransparentPiece.mat
  artifactKey: Guid(5d62e52c12e704376aaceaa9f9bed1fc) Importer(815301076,1909f56bfc062723c751e8b465ee728b)
Start importing Assets/VisionLib Examples/ModelTracking/ModelLoading/ModelPartsTracking/Materials/TransparentPiece.mat using Guid(5d62e52c12e704376aaceaa9f9bed1fc) Importer(815301076,1909f56bfc062723c751e8b465ee728b)  -> (artifact id: '58da3fdc64675315dec4dbdcb86894b9') in 0.035428 seconds 
========================================================================
Received Import Request.
  Time since last request: 0.000031 seconds.
  path: Assets/VisionLib Examples/ModelTracking/ModelLoading/ModelPartsTracking/Models/Piece003.obj
  artifactKey: Guid(3e5cabea655fa42969a82610f36fc62a) Importer(815301076,1909f56bfc062723c751e8b465ee728b)
Start importing Assets/VisionLib Examples/ModelTracking/ModelLoading/ModelPartsTracking/Models/Piece003.obj using Guid(3e5cabea655fa42969a82610f36fc62a) Importer(815301076,1909f56bfc062723c751e8b465ee728b)  -> (artifact id: '4775d5540e76824fa15eb9b06d016531') in 0.050768 seconds 
========================================================================
Received Import Request.
  Time since last request: 0.000041 seconds.
  path: Assets/VisionLib Examples/CameraCalibration/Images/ChessBoard.png
  artifactKey: Guid(814b0ac66b46d47d38e53600193f27d4) Importer(815301076,1909f56bfc062723c751e8b465ee728b)
Start importing Assets/VisionLib Examples/CameraCalibration/Images/ChessBoard.png using Guid(814b0ac66b46d47d38e53600193f27d4) Importer(815301076,1909f56bfc062723c751e8b465ee728b)  -> (artifact id: 'cea32a50a1a9f01a1a49e8e255a49fac') in 0.038602 seconds 
========================================================================
Received Import Request.
  Time since last request: 0.000038 seconds.
  path: Assets/VisionLib Examples/ModelTracking/ModelLoading/ModelPartsTracking/Models/Piece000.obj
  artifactKey: Guid(725fddc972a6e4185812abecf48ff4cc) Importer(815301076,1909f56bfc062723c751e8b465ee728b)
Start importing Assets/VisionLib Examples/ModelTracking/ModelLoading/ModelPartsTracking/Models/Piece000.obj using Guid(725fddc972a6e4185812abecf48ff4cc) Importer(815301076,1909f56bfc062723c751e8b465ee728b)  -> (artifact id: 'bf0e2ff11fdd920de23f802237fb6a98') in 0.060624 seconds 
========================================================================
Received Import Request.
  Time since last request: 0.000039 seconds.
  path: Assets/VisionLib Examples/ModelTracking/ModelLoading/ModelPartsTracking/Models/Piece002.obj
  artifactKey: Guid(1a57ed7b23c2549d28ac8a509032abc4) Importer(815301076,1909f56bfc062723c751e8b465ee728b)
Start importing Assets/VisionLib Examples/ModelTracking/ModelLoading/ModelPartsTracking/Models/Piece002.obj using Guid(1a57ed7b23c2549d28ac8a509032abc4) Importer(815301076,1909f56bfc062723c751e8b465ee728b)  -> (artifact id: '99c3962ad58b66ae8bc4508c854ef570') in 0.048496 seconds 
========================================================================
Received Import Request.
  Time since last request: 0.000055 seconds.
  path: Assets/VisionLib Examples/ModelTracking/ModelLoading/ModelPartsTracking/Materials/SolidPiece.mat
  artifactKey: Guid(023770ef1629b4b5491301e05c2977cd) Importer(815301076,1909f56bfc062723c751e8b465ee728b)
Start importing Assets/VisionLib Examples/ModelTracking/ModelLoading/ModelPartsTracking/Materials/SolidPiece.mat using Guid(023770ef1629b4b5491301e05c2977cd) Importer(815301076,1909f56bfc062723c751e8b465ee728b)  -> (artifact id: '2309fee60fd8d3e9708aace453f8ed5d') in 0.029214 seconds 
========================================================================
Received Prepare
Registering precompiled user dll's ...
Registered in 0.006791 seconds.
Begin MonoManager ReloadAssembly
Symbol file LoadedFromMemory doesn't match image C:\Users\90507\Desktop\Self_Study\Unity\Z\Visionlib_ObjectTracking\Library\PackageCache\com.unity.visualscripting@1.7.6\Editor\VisualScripting.Core\Dependencies\YamlDotNet\Unity.VisualScripting.YamlDotNet.dll
Symbol file LoadedFromMemory is not a mono symbol file
Symbol file LoadedFromMemory doesn't match image C:\Users\90507\Desktop\Self_Study\Unity\Z\Visionlib_ObjectTracking\Library\PackageCache\com.unity.visualscripting@1.7.6\Editor\VisualScripting.Core\Dependencies\DotNetZip\Unity.VisualScripting.IonicZip.dll
Native extension for UWP target not found
Native extension for WindowsStandalone target not found
Native extension for Android target not found
Refreshing native plugins compatible for Editor in 1.13 ms, found 6 plugins.
Preloading 0 native plugins for Editor in 0.00 ms.
Mono: successfully reloaded assembly
- Completed reload, in  1.045 seconds
Domain Reload Profiling:
	ReloadAssembly (1047ms)
		BeginReloadAssembly (139ms)
			ExecutionOrderSort (0ms)
			DisableScriptedObjects (4ms)
			BackupInstance (0ms)
			ReleaseScriptingObjects (0ms)
			CreateAndSetChildDomain (43ms)
		EndReloadAssembly (815ms)
			LoadAssemblies (94ms)
			RebuildTransferFunctionScriptingTraits (0ms)
			SetupTypeCache (274ms)
			ReleaseScriptCaches (2ms)
			RebuildScriptCaches (50ms)
			SetupLoadedEditorAssemblies (346ms)
				LogAssemblyErrors (0ms)
				InitializePlatformSupportModulesInManaged (26ms)
				SetLoadedEditorAssemblies (1ms)
				RefreshPlugins (1ms)
				BeforeProcessingInitializeOnLoad (71ms)
				ProcessInitializeOnLoadAttributes (213ms)
				ProcessInitializeOnLoadMethodAttributes (26ms)
				AfterProcessingInitializeOnLoad (8ms)
				EditorAssembliesLoaded (0ms)
			ExecutionOrderSort2 (0ms)
			AwakeInstancesAfterBackupRestoration (7ms)
Platform modules already initialized, skipping
Refreshing native plugins compatible for Editor in 4.79 ms, found 6 plugins.
Preloading 0 native plugins for Editor in 0.00 ms.
Unloading 3367 Unused Serialized files (Serialized files now loaded: 0)
Unloading 35 unused Assets / (82.9 KB). Loaded Objects now: 3880.
Memory consumption went from 121.5 MB to 121.4 MB.
Total: 4.313300 ms (FindLiveObjects: 0.412200 ms CreateObjectMapping: 0.498800 ms MarkObjects: 3.253500 ms  DeleteObjects: 0.146400 ms)

AssetImportParameters requested are different than current active one (requested -> active):
  custom:video-decoder-ogg-theora: a1e56fd34408186e4bbccfd4996cb3dc -> 
  custom:container-muxer-webm: aa71ff27fc2769a1b78a27578f13a17b -> 
  custom:container-demuxer-webm: 4f35f7cbe854078d1ac9338744f61a02 -> 
  custom:video-encoder-webm-vp8: eb34c28f22e8b96e1ab97ce403110664 -> 
  custom:audio-encoder-webm-vorbis: bf7c407c2cedff20999df2af8eb42d56 -> 
  custom:framework-win-MediaFoundation: 216162199b28c13a410421893ffa2e32 -> 
  custom:container-demuxer-ogg: 62fdf1f143b41e24485cea50d1cbac27 -> 
  custom:video-decoder-webm-vp8: 9c59270c3fd7afecdb556c50c9e8de78 -> 
  custom:audio-decoder-ogg-vorbis: bf7c407c2cedff20999df2af8eb42d56 -> 
========================================================================
Received Prepare
Registering precompiled user dll's ...
Registered in 0.004797 seconds.
Begin MonoManager ReloadAssembly
Symbol file LoadedFromMemory doesn't match image C:\Users\90507\Desktop\Self_Study\Unity\Z\Visionlib_ObjectTracking\Library\PackageCache\com.unity.visualscripting@1.7.6\Editor\VisualScripting.Core\Dependencies\YamlDotNet\Unity.VisualScripting.YamlDotNet.dll
Symbol file LoadedFromMemory is not a mono symbol file
Symbol file LoadedFromMemory doesn't match image C:\Users\90507\Desktop\Self_Study\Unity\Z\Visionlib_ObjectTracking\Library\PackageCache\com.unity.visualscripting@1.7.6\Editor\VisualScripting.Core\Dependencies\DotNetZip\Unity.VisualScripting.IonicZip.dll
Native extension for UWP target not found
Native extension for WindowsStandalone target not found
Native extension for Android target not found
Refreshing native plugins compatible for Editor in 0.79 ms, found 6 plugins.
Preloading 0 native plugins for Editor in 0.00 ms.
Mono: successfully reloaded assembly
- Completed reload, in  1.046 seconds
Domain Reload Profiling:
	ReloadAssembly (1047ms)
		BeginReloadAssembly (129ms)
			ExecutionOrderSort (0ms)
			DisableScriptedObjects (5ms)
			BackupInstance (0ms)
			ReleaseScriptingObjects (0ms)
			CreateAndSetChildDomain (34ms)
		EndReloadAssembly (825ms)
			LoadAssemblies (87ms)
			RebuildTransferFunctionScriptingTraits (0ms)
			SetupTypeCache (298ms)
			ReleaseScriptCaches (2ms)
			RebuildScriptCaches (44ms)
			SetupLoadedEditorAssemblies (345ms)
				LogAssemblyErrors (0ms)
				InitializePlatformSupportModulesInManaged (25ms)
				SetLoadedEditorAssemblies (0ms)
				RefreshPlugins (1ms)
				BeforeProcessingInitializeOnLoad (71ms)
				ProcessInitializeOnLoadAttributes (213ms)
				ProcessInitializeOnLoadMethodAttributes (27ms)
				AfterProcessingInitializeOnLoad (8ms)
				EditorAssembliesLoaded (0ms)
			ExecutionOrderSort2 (0ms)
			AwakeInstancesAfterBackupRestoration (5ms)
Platform modules already initialized, skipping
Refreshing native plugins compatible for Editor in 4.93 ms, found 6 plugins.
Preloading 0 native plugins for Editor in 0.00 ms.
Unloading 3367 Unused Serialized files (Serialized files now loaded: 0)
Unloading 30 unused Assets / (79.9 KB). Loaded Objects now: 3883.
Memory consumption went from 121.4 MB to 121.3 MB.
Total: 4.102000 ms (FindLiveObjects: 0.398400 ms CreateObjectMapping: 0.141700 ms MarkObjects: 3.389400 ms  DeleteObjects: 0.168600 ms)

AssetImportParameters requested are different than current active one (requested -> active):
  custom:video-decoder-ogg-theora: a1e56fd34408186e4bbccfd4996cb3dc -> 
  custom:container-muxer-webm: aa71ff27fc2769a1b78a27578f13a17b -> 
  custom:container-demuxer-webm: 4f35f7cbe854078d1ac9338744f61a02 -> 
  custom:video-encoder-webm-vp8: eb34c28f22e8b96e1ab97ce403110664 -> 
  custom:audio-encoder-webm-vorbis: bf7c407c2cedff20999df2af8eb42d56 -> 
  custom:framework-win-MediaFoundation: 216162199b28c13a410421893ffa2e32 -> 
  custom:container-demuxer-ogg: 62fdf1f143b41e24485cea50d1cbac27 -> 
  custom:video-decoder-webm-vp8: 9c59270c3fd7afecdb556c50c9e8de78 -> 
  custom:audio-decoder-ogg-vorbis: bf7c407c2cedff20999df2af8eb42d56 -> 
========================================================================
Received Prepare
Refreshing native plugins compatible for Editor in 6.29 ms, found 6 plugins.
Preloading 0 native plugins for Editor in 0.00 ms.
Unloading 30 Unused Serialized files (Serialized files now loaded: 0)
Unloading 30 unused Assets / (76.4 KB). Loaded Objects now: 3883.
Memory consumption went from 54.6 MB to 54.5 MB.
Total: 2.892000 ms (FindLiveObjects: 0.288500 ms CreateObjectMapping: 0.105400 ms MarkObjects: 2.394100 ms  DeleteObjects: 0.103000 ms)

AssetImportParameters requested are different than current active one (requested -> active):
  custom:video-decoder-ogg-theora: a1e56fd34408186e4bbccfd4996cb3dc -> 
  custom:container-muxer-webm: aa71ff27fc2769a1b78a27578f13a17b -> 
  custom:container-demuxer-webm: 4f35f7cbe854078d1ac9338744f61a02 -> 
  custom:video-encoder-webm-vp8: eb34c28f22e8b96e1ab97ce403110664 -> 
  custom:audio-encoder-webm-vorbis: bf7c407c2cedff20999df2af8eb42d56 -> 
  custom:framework-win-MediaFoundation: 216162199b28c13a410421893ffa2e32 -> 
  custom:container-demuxer-ogg: 62fdf1f143b41e24485cea50d1cbac27 -> 
  custom:video-decoder-webm-vp8: 9c59270c3fd7afecdb556c50c9e8de78 -> 
  custom:audio-decoder-ogg-vorbis: bf7c407c2cedff20999df2af8eb42d56 -> 
========================================================================
Received Prepare
Refreshing native plugins compatible for Editor in 7.14 ms, found 6 plugins.
Preloading 0 native plugins for Editor in 0.00 ms.
Unloading 30 Unused Serialized files (Serialized files now loaded: 0)
Unloading 30 unused Assets / (76.4 KB). Loaded Objects now: 3883.
Memory consumption went from 54.6 MB to 54.5 MB.
Total: 3.162100 ms (FindLiveObjects: 0.302400 ms CreateObjectMapping: 0.106300 ms MarkObjects: 2.641600 ms  DeleteObjects: 0.110500 ms)

AssetImportParameters requested are different than current active one (requested -> active):
  custom:video-decoder-ogg-theora: a1e56fd34408186e4bbccfd4996cb3dc -> 
  custom:container-muxer-webm: aa71ff27fc2769a1b78a27578f13a17b -> 
  custom:container-demuxer-webm: 4f35f7cbe854078d1ac9338744f61a02 -> 
  custom:video-encoder-webm-vp8: eb34c28f22e8b96e1ab97ce403110664 -> 
  custom:audio-encoder-webm-vorbis: bf7c407c2cedff20999df2af8eb42d56 -> 
  custom:framework-win-MediaFoundation: 216162199b28c13a410421893ffa2e32 -> 
  custom:container-demuxer-ogg: 62fdf1f143b41e24485cea50d1cbac27 -> 
  custom:video-decoder-webm-vp8: 9c59270c3fd7afecdb556c50c9e8de78 -> 
  custom:audio-decoder-ogg-vorbis: bf7c407c2cedff20999df2af8eb42d56 -> 
========================================================================
Received Prepare
Registering precompiled user dll's ...
Registered in 0.006473 seconds.
Begin MonoManager ReloadAssembly
Symbol file LoadedFromMemory doesn't match image C:\Users\90507\Desktop\Self_Study\Unity\Z\Visionlib_ObjectTracking\Library\PackageCache\com.unity.visualscripting@1.7.6\Editor\VisualScripting.Core\Dependencies\YamlDotNet\Unity.VisualScripting.YamlDotNet.dll
Symbol file LoadedFromMemory is not a mono symbol file
Symbol file LoadedFromMemory doesn't match image C:\Users\90507\Desktop\Self_Study\Unity\Z\Visionlib_ObjectTracking\Library\PackageCache\com.unity.visualscripting@1.7.6\Editor\VisualScripting.Core\Dependencies\DotNetZip\Unity.VisualScripting.IonicZip.dll
Native extension for UWP target not found
Native extension for WindowsStandalone target not found
Native extension for Android target not found
Refreshing native plugins compatible for Editor in 0.76 ms, found 6 plugins.
Preloading 0 native plugins for Editor in 0.00 ms.
Mono: successfully reloaded assembly
- Completed reload, in  1.094 seconds
Domain Reload Profiling:
	ReloadAssembly (1094ms)
		BeginReloadAssembly (150ms)
			ExecutionOrderSort (0ms)
			DisableScriptedObjects (7ms)
			BackupInstance (0ms)
			ReleaseScriptingObjects (0ms)
			CreateAndSetChildDomain (39ms)
		EndReloadAssembly (823ms)
			LoadAssemblies (104ms)
			RebuildTransferFunctionScriptingTraits (0ms)
			SetupTypeCache (318ms)
			ReleaseScriptCaches (1ms)
			RebuildScriptCaches (41ms)
			SetupLoadedEditorAssemblies (321ms)
				LogAssemblyErrors (0ms)
				InitializePlatformSupportModulesInManaged (23ms)
				SetLoadedEditorAssemblies (0ms)
				RefreshPlugins (1ms)
				BeforeProcessingInitializeOnLoad (69ms)
				ProcessInitializeOnLoadAttributes (196ms)
				ProcessInitializeOnLoadMethodAttributes (25ms)
				AfterProcessingInitializeOnLoad (7ms)
				EditorAssembliesLoaded (0ms)
			ExecutionOrderSort2 (0ms)
			AwakeInstancesAfterBackupRestoration (7ms)
Platform modules already initialized, skipping
Refreshing native plugins compatible for Editor in 3.28 ms, found 6 plugins.
Preloading 0 native plugins for Editor in 0.00 ms.
Unloading 3367 Unused Serialized files (Serialized files now loaded: 0)
Unloading 30 unused Assets / (79.0 KB). Loaded Objects now: 3886.
Memory consumption went from 121.5 MB to 121.4 MB.
Total: 2.728700 ms (FindLiveObjects: 0.284900 ms CreateObjectMapping: 0.091300 ms MarkObjects: 2.242700 ms  DeleteObjects: 0.108700 ms)

AssetImportParameters requested are different than current active one (requested -> active):
  custom:video-decoder-ogg-theora: a1e56fd34408186e4bbccfd4996cb3dc -> 
  custom:container-muxer-webm: aa71ff27fc2769a1b78a27578f13a17b -> 
  custom:container-demuxer-webm: 4f35f7cbe854078d1ac9338744f61a02 -> 
  custom:video-encoder-webm-vp8: eb34c28f22e8b96e1ab97ce403110664 -> 
  custom:audio-encoder-webm-vorbis: bf7c407c2cedff20999df2af8eb42d56 -> 
  custom:framework-win-MediaFoundation: 216162199b28c13a410421893ffa2e32 -> 
  custom:container-demuxer-ogg: 62fdf1f143b41e24485cea50d1cbac27 -> 
  custom:video-decoder-webm-vp8: 9c59270c3fd7afecdb556c50c9e8de78 -> 
  custom:audio-decoder-ogg-vorbis: bf7c407c2cedff20999df2af8eb42d56 -> 
